[2018-12-11 08:44:11.982] [sharedprocess] [info] main {"machineId":"49cb117e7ac43643f47752b5f1e5cfe59acc30c523d73542df22d11e8e7954b4"}
[2018-12-11 08:44:12.072] [sharedprocess] [info] Scanned user extensions: 1
[2018-12-11 08:44:12.124] [sharedprocess] [info] Scanned user extensions: 1
[2018-12-11 08:44:12.131] [sharedprocess] [info] Scanned system extensions: 71
[2018-12-11 08:44:12.131] [sharedprocess] [info] Deleted from disk ms-vscode.powershell-1.10.1
[2018-12-11 08:44:12.136] [sharedprocess] [info] Scanned system extensions: 71
[2018-12-11 08:44:12.139] [sharedprocess] [info] Scanned user extensions: 1
[2018-12-11 08:44:51.986] [sharedprocess] [info] Starting to clean up unused language packs.
[2018-12-11 08:45:00.826] [sharedprocess] [info] Scanned user extensions: 1
[2018-12-11 08:45:00.885] [sharedprocess] [info] Scanned system extensions: 71
[2018-12-11 08:45:01.480] [sharedprocess] [info] Scanned user extensions: 1
[2018-12-11 08:45:19.147] [sharedprocess] [info] Scanned user extensions: 1
[2018-12-11 08:45:19.190] [sharedprocess] [info] Scanned system extensions: 71
[2018-12-11 08:45:19.905] [sharedprocess] [info] Scanned user extensions: 1
[2018-12-11 08:45:27.502] [sharedprocess] [info] Scanned user extensions: 1
[2018-12-11 08:46:40.265] [sharedprocess] [info] Scanned user extensions: 1
[2018-12-11 08:46:40.297] [sharedprocess] [info] Scanned system extensions: 71
[2018-12-11 08:46:40.886] [sharedprocess] [info] Scanned user extensions: 1
[2018-12-11 08:47:14.810] [sharedprocess] [info] Scanned user extensions: 1
[2018-12-11 08:47:14.863] [sharedprocess] [info] Scanned system extensions: 71
[2018-12-11 08:47:15.435] [sharedprocess] [info] Scanned user extensions: 1
[2018-12-11 08:47:50.015] [sharedprocess] [info] Scanned user extensions: 1
[2018-12-11 08:47:50.070] [sharedprocess] [info] Scanned system extensions: 71
[2018-12-11 08:47:50.706] [sharedprocess] [info] Scanned user extensions: 1
[2018-12-11 08:48:15.908] [sharedprocess] [info] Scanned user extensions: 1
[2018-12-11 08:48:15.944] [sharedprocess] [info] Scanned system extensions: 71
[2018-12-11 08:48:16.601] [sharedprocess] [info] Scanned user extensions: 1
[2018-12-11 08:48:30.056] [sharedprocess] [info] Scanned user extensions: 1
[2018-12-11 08:48:30.094] [sharedprocess] [info] Scanned system extensions: 71
[2018-12-11 08:48:30.730] [sharedprocess] [info] Scanned user extensions: 1
[2018-12-11 08:49:07.883] [sharedprocess] [info] Scanned user extensions: 1
[2018-12-11 08:49:07.917] [sharedprocess] [info] Scanned system extensions: 71
[2018-12-11 08:49:08.527] [sharedprocess] [info] Scanned user extensions: 1
[2018-12-11 08:49:15.372] [sharedprocess] [info] Scanned user extensions: 1
[2018-12-11 08:49:43.274] [sharedprocess] [info] Scanned user extensions: 1
[2018-12-11 08:49:43.338] [sharedprocess] [info] Scanned system extensions: 71
[2018-12-11 08:49:43.979] [sharedprocess] [info] Scanned user extensions: 1
[2018-12-11 08:51:34.323] [sharedprocess] [info] Scanned user extensions: 1
[2018-12-11 08:53:07.653] [sharedprocess] [info] Scanned user extensions: 1
[2018-12-11 08:53:07.734] [sharedprocess] [info] Scanned system extensions: 71
[2018-12-11 08:53:09.116] [sharedprocess] [info] Scanned user extensions: 1
[2018-12-11 08:54:08.164] [sharedprocess] [info] Scanned user extensions: 1
[2018-12-11 08:54:08.255] [sharedprocess] [info] Scanned system extensions: 71
[2018-12-11 08:54:09.622] [sharedprocess] [info] Scanned user extensions: 1
[2018-12-11 08:54:38.022] [sharedprocess] [info] Scanned user extensions: 1
[2018-12-11 08:54:38.114] [sharedprocess] [info] Scanned system extensions: 71
[2018-12-11 08:54:39.534] [sharedprocess] [info] Scanned user extensions: 1
[2018-12-11 08:55:37.383] [sharedprocess] [info] Scanned user extensions: 1
[2018-12-11 08:55:37.490] [sharedprocess] [info] Scanned system extensions: 71
[2018-12-11 08:55:38.679] [sharedprocess] [info] Scanned user extensions: 1
[2018-12-11 08:56:02.440] [sharedprocess] [info] Scanned user extensions: 1
[2018-12-11 08:56:02.535] [sharedprocess] [info] Scanned system extensions: 71
[2018-12-11 08:56:03.794] [sharedprocess] [info] Scanned user extensions: 1
[2018-12-11 09:01:03.809] [sharedprocess] [info] Scanned user extensions: 1
[2018-12-11 09:01:21.781] [sharedprocess] [info] Scanned user extensions: 1
[2018-12-11 09:01:21.892] [sharedprocess] [info] Scanned system extensions: 71
[2018-12-11 09:01:23.327] [sharedprocess] [info] Scanned user extensions: 1
[2018-12-11 09:02:13.088] [sharedprocess] [info] Scanned user extensions: 1
[2018-12-11 09:02:13.201] [sharedprocess] [info] Scanned system extensions: 71
[2018-12-11 09:02:14.455] [sharedprocess] [info] Scanned user extensions: 1
[2018-12-11 09:02:49.124] [sharedprocess] [info] Scanned user extensions: 1
[2018-12-11 09:02:49.201] [sharedprocess] [info] Scanned system extensions: 71
[2018-12-11 09:02:50.543] [sharedprocess] [info] Scanned user extensions: 1
[2018-12-11 09:03:29.567] [sharedprocess] [info] Scanned user extensions: 1
[2018-12-11 09:03:29.673] [sharedprocess] [info] Scanned system extensions: 71
[2018-12-11 09:03:31.042] [sharedprocess] [info] Scanned user extensions: 1
[2018-12-11 09:03:54.491] [sharedprocess] [info] Scanned user extensions: 1
[2018-12-11 09:03:54.624] [sharedprocess] [info] Scanned system extensions: 71
[2018-12-11 09:03:56.377] [sharedprocess] [info] Scanned user extensions: 1
[2018-12-11 09:04:43.623] [sharedprocess] [info] Scanned user extensions: 1
[2018-12-11 09:04:43.762] [sharedprocess] [info] Scanned system extensions: 71
[2018-12-11 09:04:44.745] [sharedprocess] [info] Scanned user extensions: 1
[2018-12-11 09:07:21.546] [sharedprocess] [info] Scanned user extensions: 1
[2018-12-11 09:07:21.625] [sharedprocess] [info] Scanned system extensions: 71
[2018-12-11 09:07:23.001] [sharedprocess] [info] Scanned user extensions: 1
[2018-12-11 09:07:59.508] [sharedprocess] [info] Scanned user extensions: 1
[2018-12-11 09:10:17.017] [sharedprocess] [info] Scanned user extensions: 1
[2018-12-11 09:10:17.148] [sharedprocess] [info] Scanned system extensions: 71
[2018-12-11 09:10:18.213] [sharedprocess] [info] Scanned user extensions: 1
[2018-12-11 09:11:35.113] [sharedprocess] [info] Scanned user extensions: 1
[2018-12-11 09:11:35.190] [sharedprocess] [info] Scanned system extensions: 71
[2018-12-11 09:11:36.244] [sharedprocess] [info] Scanned user extensions: 1
[2018-12-11 09:12:11.172] [sharedprocess] [info] Scanned user extensions: 1
[2018-12-11 09:12:11.288] [sharedprocess] [info] Scanned system extensions: 71
[2018-12-11 09:12:12.227] [sharedprocess] [info] Scanned user extensions: 1
[2018-12-11 09:12:47.746] [sharedprocess] [info] Scanned user extensions: 1
[2018-12-11 09:17:12.243] [sharedprocess] [info] Scanned user extensions: 1
[2018-12-11 09:17:15.124] [sharedprocess] [info] Scanned user extensions: 1
[2018-12-11 09:17:15.295] [sharedprocess] [info] Scanned system extensions: 71
[2018-12-11 09:17:16.255] [sharedprocess] [info] Scanned user extensions: 1
[2018-12-11 09:17:30.156] [sharedprocess] [info] Scanned user extensions: 1
[2018-12-11 09:17:30.335] [sharedprocess] [info] Scanned system extensions: 71
[2018-12-11 09:17:31.512] [sharedprocess] [info] Scanned user extensions: 1
[2018-12-11 09:22:31.518] [sharedprocess] [info] Scanned user extensions: 1
[2018-12-11 09:27:31.529] [sharedprocess] [info] Scanned user extensions: 1
[2018-12-11 09:32:31.540] [sharedprocess] [info] Scanned user extensions: 1
[2018-12-11 09:37:31.552] [sharedprocess] [info] Scanned user extensions: 1
[2018-12-11 09:42:31.560] [sharedprocess] [info] Scanned user extensions: 1
[2018-12-11 09:47:31.604] [sharedprocess] [info] Scanned user extensions: 1
[2018-12-11 09:52:31.611] [sharedprocess] [info] Scanned user extensions: 1
[2018-12-11 09:57:31.618] [sharedprocess] [info] Scanned user extensions: 1
[2018-12-11 10:02:31.626] [sharedprocess] [info] Scanned user extensions: 1
[2018-12-11 10:07:31.635] [sharedprocess] [info] Scanned user extensions: 1
[2018-12-11 10:12:31.641] [sharedprocess] [info] Scanned user extensions: 1
[2018-12-11 10:17:31.647] [sharedprocess] [info] Scanned user extensions: 1
[2018-12-11 10:22:31.659] [sharedprocess] [info] Scanned user extensions: 1
[2018-12-11 10:27:31.665] [sharedprocess] [info] Scanned user extensions: 1
[2018-12-11 10:32:31.674] [sharedprocess] [info] Scanned user extensions: 1
[2018-12-11 10:37:31.687] [sharedprocess] [info] Scanned user extensions: 1
[2018-12-11 10:42:31.698] [sharedprocess] [info] Scanned user extensions: 1
[2018-12-11 10:47:31.803] [sharedprocess] [info] Scanned user extensions: 1
[2018-12-11 10:52:31.814] [sharedprocess] [info] Scanned user extensions: 1
[2018-12-11 10:57:31.827] [sharedprocess] [info] Scanned user extensions: 1
[2018-12-11 11:02:31.838] [sharedprocess] [info] Scanned user extensions: 1
[2018-12-11 11:07:31.847] [sharedprocess] [info] Scanned user extensions: 1
[2018-12-11 11:12:31.853] [sharedprocess] [info] Scanned user extensions: 1
[2018-12-11 11:17:31.866] [sharedprocess] [info] Scanned user extensions: 1
