[2018-12-10 14:13:38.878] [sharedprocess] [info] main {"machineId":"49cb117e7ac43643f47752b5f1e5cfe59acc30c523d73542df22d11e8e7954b4"}
[2018-12-10 14:13:38.939] [sharedprocess] [info] Scanned user extensions: 1
[2018-12-10 14:13:38.965] [sharedprocess] [info] Scanned user extensions: 1
[2018-12-10 14:13:38.965] [sharedprocess] [info] Scanned user extensions: 1
[2018-12-10 14:13:38.985] [sharedprocess] [info] Scanned user extensions: 1
[2018-12-10 14:13:39.034] [sharedprocess] [info] Scanned system extensions: 71
[2018-12-10 14:13:39.042] [sharedprocess] [info] Scanned system extensions: 71
[2018-12-10 14:13:39.045] [sharedprocess] [info] Scanned system extensions: 71
[2018-12-10 14:13:44.802] [sharedprocess] [info] Scanned user extensions: 1
[2018-12-10 14:13:44.939] [sharedprocess] [info] Installing extension: PowerShell
[2018-12-10 14:13:44.943] [sharedprocess] [info] Scanned user extensions: 1
[2018-12-10 14:13:45.342] [sharedprocess] [info] Scanned user extensions: 1
[2018-12-10 14:13:45.362] [sharedprocess] [info] Scanned system extensions: 71
[2018-12-10 14:13:45.377] [sharedprocess] [info] Downloaded extension: PowerShell /tmp/3a4f9d5b-4c68-471c-ba98-138886293478
[2018-12-10 14:13:45.791] [sharedprocess] [info] Extracted extension to /home/dominik/.vscode/extensions/.ms-vscode.powershell-1.10.1: ms-vscode.powershell-1.10.1
[2018-12-10 14:13:45.791] [sharedprocess] [info] Renamed to /home/dominik/.vscode/extensions/ms-vscode.powershell-1.10.1
[2018-12-10 14:13:45.791] [sharedprocess] [info] Installation completed. ms-vscode.powershell-1.10.1
[2018-12-10 14:13:45.827] [sharedprocess] [info] Scanned user extensions: 2
[2018-12-10 14:13:45.848] [sharedprocess] [info] Scanned system extensions: 71
[2018-12-10 14:13:45.848] [sharedprocess] [info] Extensions installed successfully: ms-vscode.powershell
[2018-12-10 14:13:45.964] [sharedprocess] [info] Scanned user extensions: 2
[2018-12-10 14:13:45.987] [sharedprocess] [info] Scanned system extensions: 71
[2018-12-10 14:13:52.051] [sharedprocess] [info] Scanned user extensions: 2
[2018-12-10 14:13:52.052] [sharedprocess] [info] Scanned user extensions: 2
[2018-12-10 14:13:52.056] [sharedprocess] [info] Scanned user extensions: 2
[2018-12-10 14:13:52.068] [sharedprocess] [info] Scanned user extensions: 2
[2018-12-10 14:13:52.070] [sharedprocess] [info] Scanned user extensions: 2
[2018-12-10 14:13:52.152] [sharedprocess] [info] Scanned system extensions: 71
[2018-12-10 14:13:52.155] [sharedprocess] [info] Scanned system extensions: 71
[2018-12-10 14:13:52.158] [sharedprocess] [info] Scanned system extensions: 71
[2018-12-10 14:13:52.161] [sharedprocess] [info] Scanned system extensions: 71
[2018-12-10 14:13:52.312] [sharedprocess] [info] Scanned user extensions: 2
[2018-12-10 14:13:52.343] [sharedprocess] [info] Scanned system extensions: 71
[2018-12-10 14:13:52.880] [sharedprocess] [info] Scanned user extensions: 2
[2018-12-10 14:14:18.881] [sharedprocess] [info] Starting to clean up unused language packs.
[2018-12-10 14:16:00.579] [sharedprocess] [info] Scanned user extensions: 2
[2018-12-10 14:16:00.579] [sharedprocess] [info] Uninstalling extension: ms-vscode.powershell-1.10.1
[2018-12-10 14:16:00.581] [sharedprocess] [info] Scanned user extensions: 2
[2018-12-10 14:16:00.589] [sharedprocess] [info] Successfully uninstalled extension: ms-vscode.powershell-1.10.1
[2018-12-10 14:16:01.234] [sharedprocess] [info] Scanned user extensions: 1
[2018-12-10 14:16:01.250] [sharedprocess] [info] Scanned system extensions: 71
[2018-12-10 14:16:03.063] [sharedprocess] [info] Scanned user extensions: 1
[2018-12-10 14:16:03.076] [sharedprocess] [info] Scanned user extensions: 1
[2018-12-10 14:16:03.081] [sharedprocess] [info] Scanned system extensions: 71
[2018-12-10 14:16:03.240] [sharedprocess] [info] Scanned user extensions: 1
[2018-12-10 14:16:03.270] [sharedprocess] [info] Scanned user extensions: 1
[2018-12-10 14:16:03.301] [sharedprocess] [info] Scanned user extensions: 1
[2018-12-10 14:16:03.330] [sharedprocess] [info] Scanned system extensions: 71
[2018-12-10 14:16:03.333] [sharedprocess] [info] Scanned system extensions: 71
[2018-12-10 14:16:03.336] [sharedprocess] [info] Scanned system extensions: 71
[2018-12-10 14:16:04.070] [sharedprocess] [info] Scanned user extensions: 1
[2018-12-10 14:17:50.347] [sharedprocess] [info] Scanned user extensions: 1
[2018-12-10 14:17:50.367] [sharedprocess] [info] Scanned user extensions: 1
[2018-12-10 14:17:50.392] [sharedprocess] [info] Scanned system extensions: 71
[2018-12-10 14:17:50.442] [sharedprocess] [info] Scanned user extensions: 1
[2018-12-10 14:17:50.467] [sharedprocess] [info] Scanned user extensions: 1
[2018-12-10 14:17:50.497] [sharedprocess] [info] Scanned user extensions: 1
[2018-12-10 14:17:50.518] [sharedprocess] [info] Scanned system extensions: 71
[2018-12-10 14:17:50.521] [sharedprocess] [info] Scanned system extensions: 71
[2018-12-10 14:17:50.525] [sharedprocess] [info] Scanned system extensions: 71
[2018-12-10 14:17:51.464] [sharedprocess] [info] Scanned user extensions: 1
[2018-12-10 14:18:09.669] [sharedprocess] [info] Scanned user extensions: 1
[2018-12-10 14:18:09.694] [sharedprocess] [info] Scanned user extensions: 1
[2018-12-10 14:18:09.733] [sharedprocess] [info] Scanned user extensions: 1
[2018-12-10 14:18:09.735] [sharedprocess] [info] Scanned system extensions: 71
[2018-12-10 14:18:09.781] [sharedprocess] [info] Scanned user extensions: 1
[2018-12-10 14:18:09.813] [sharedprocess] [info] Scanned user extensions: 1
[2018-12-10 14:18:09.818] [sharedprocess] [info] Scanned system extensions: 71
[2018-12-10 14:18:09.821] [sharedprocess] [info] Scanned system extensions: 71
[2018-12-10 14:18:09.824] [sharedprocess] [info] Scanned system extensions: 71
[2018-12-10 14:18:10.576] [sharedprocess] [info] Scanned user extensions: 1
[2018-12-10 14:18:56.229] [sharedprocess] [info] Scanned user extensions: 1
[2018-12-10 14:18:56.245] [sharedprocess] [info] Scanned user extensions: 1
[2018-12-10 14:18:56.266] [sharedprocess] [info] Scanned system extensions: 71
[2018-12-10 14:18:56.294] [sharedprocess] [info] Scanned user extensions: 1
[2018-12-10 14:18:56.330] [sharedprocess] [info] Scanned user extensions: 1
[2018-12-10 14:18:56.355] [sharedprocess] [info] Scanned user extensions: 1
[2018-12-10 14:18:56.364] [sharedprocess] [info] Scanned system extensions: 71
[2018-12-10 14:18:56.367] [sharedprocess] [info] Scanned system extensions: 71
[2018-12-10 14:18:56.372] [sharedprocess] [info] Scanned system extensions: 71
[2018-12-10 14:18:57.216] [sharedprocess] [info] Scanned user extensions: 1
[2018-12-10 14:20:31.219] [sharedprocess] [info] Scanned user extensions: 1
[2018-12-10 14:20:31.241] [sharedprocess] [info] Scanned user extensions: 1
[2018-12-10 14:20:31.264] [sharedprocess] [info] Scanned system extensions: 71
[2018-12-10 14:20:31.284] [sharedprocess] [info] Scanned user extensions: 1
[2018-12-10 14:20:31.311] [sharedprocess] [info] Scanned user extensions: 1
[2018-12-10 14:20:31.330] [sharedprocess] [info] Scanned user extensions: 1
[2018-12-10 14:20:31.352] [sharedprocess] [info] Scanned system extensions: 71
[2018-12-10 14:20:31.356] [sharedprocess] [info] Scanned system extensions: 71
[2018-12-10 14:20:31.359] [sharedprocess] [info] Scanned system extensions: 71
[2018-12-10 14:20:32.187] [sharedprocess] [info] Scanned user extensions: 1
[2018-12-10 14:20:35.384] [sharedprocess] [info] Scanned user extensions: 1
[2018-12-10 14:20:35.408] [sharedprocess] [info] Scanned system extensions: 71
[2018-12-10 14:21:03.616] [sharedprocess] [info] Scanned user extensions: 1
[2018-12-10 14:22:02.286] [sharedprocess] [info] Scanned user extensions: 1
[2018-12-10 14:22:02.305] [sharedprocess] [info] Scanned user extensions: 1
[2018-12-10 14:22:02.353] [sharedprocess] [info] Scanned user extensions: 1
[2018-12-10 14:22:02.353] [sharedprocess] [info] Scanned system extensions: 71
[2018-12-10 14:22:02.393] [sharedprocess] [info] Scanned user extensions: 1
[2018-12-10 14:22:02.415] [sharedprocess] [info] Scanned user extensions: 1
[2018-12-10 14:22:02.427] [sharedprocess] [info] Scanned system extensions: 71
[2018-12-10 14:22:02.430] [sharedprocess] [info] Scanned system extensions: 71
[2018-12-10 14:22:02.433] [sharedprocess] [info] Scanned system extensions: 71
[2018-12-10 14:22:03.210] [sharedprocess] [info] Scanned user extensions: 1
[2018-12-10 14:27:03.224] [sharedprocess] [info] Scanned user extensions: 1
[2018-12-10 14:27:30.641] [sharedprocess] [info] Scanned user extensions: 1
[2018-12-10 14:27:30.672] [sharedprocess] [info] Scanned user extensions: 1
[2018-12-10 14:27:30.714] [sharedprocess] [info] Scanned user extensions: 1
[2018-12-10 14:27:30.751] [sharedprocess] [info] Scanned user extensions: 1
[2018-12-10 14:27:30.752] [sharedprocess] [info] Scanned system extensions: 71
[2018-12-10 14:27:30.791] [sharedprocess] [info] Scanned user extensions: 1
[2018-12-10 14:27:30.826] [sharedprocess] [info] Scanned system extensions: 71
[2018-12-10 14:27:30.829] [sharedprocess] [info] Scanned system extensions: 71
[2018-12-10 14:27:30.832] [sharedprocess] [info] Scanned system extensions: 71
[2018-12-10 14:27:31.785] [sharedprocess] [info] Scanned user extensions: 1
[2018-12-10 14:32:31.820] [sharedprocess] [info] Scanned user extensions: 1
[2018-12-10 14:35:15.500] [sharedprocess] [info] Scanned user extensions: 1
[2018-12-10 14:35:15.552] [sharedprocess] [info] Scanned user extensions: 1
[2018-12-10 14:35:15.600] [sharedprocess] [info] Scanned user extensions: 1
[2018-12-10 14:35:15.636] [sharedprocess] [info] Scanned user extensions: 1
[2018-12-10 14:35:15.638] [sharedprocess] [info] Scanned system extensions: 71
[2018-12-10 14:35:15.642] [sharedprocess] [info] Scanned system extensions: 71
[2018-12-10 14:35:15.646] [sharedprocess] [info] Scanned system extensions: 71
[2018-12-10 14:35:15.649] [sharedprocess] [info] Scanned system extensions: 71
[2018-12-10 14:35:15.663] [sharedprocess] [info] Scanned user extensions: 1
[2018-12-10 14:35:16.597] [sharedprocess] [info] Scanned user extensions: 1
[2018-12-10 14:38:52.726] [sharedprocess] [info] Scanned user extensions: 1
[2018-12-10 14:38:52.775] [sharedprocess] [info] Scanned user extensions: 1
[2018-12-10 14:38:52.829] [sharedprocess] [info] Scanned user extensions: 1
[2018-12-10 14:38:52.892] [sharedprocess] [info] Scanned user extensions: 1
[2018-12-10 14:38:52.893] [sharedprocess] [info] Scanned system extensions: 71
[2018-12-10 14:38:52.900] [sharedprocess] [info] Scanned system extensions: 71
[2018-12-10 14:38:52.908] [sharedprocess] [info] Scanned system extensions: 71
[2018-12-10 14:38:52.923] [sharedprocess] [info] Scanned system extensions: 71
[2018-12-10 14:38:52.936] [sharedprocess] [info] Scanned user extensions: 1
[2018-12-10 14:38:54.725] [sharedprocess] [info] Scanned user extensions: 1
[2018-12-10 14:39:09.835] [sharedprocess] [info] Scanned user extensions: 1
[2018-12-10 14:39:09.887] [sharedprocess] [info] Scanned user extensions: 1
[2018-12-10 14:39:09.945] [sharedprocess] [info] Scanned user extensions: 1
[2018-12-10 14:39:09.973] [sharedprocess] [info] Scanned user extensions: 1
[2018-12-10 14:39:09.974] [sharedprocess] [info] Scanned system extensions: 71
[2018-12-10 14:39:09.978] [sharedprocess] [info] Scanned system extensions: 71
[2018-12-10 14:39:09.983] [sharedprocess] [info] Scanned system extensions: 71
[2018-12-10 14:39:09.987] [sharedprocess] [info] Scanned system extensions: 71
[2018-12-10 14:39:09.993] [sharedprocess] [info] Scanned user extensions: 1
[2018-12-10 14:39:11.577] [sharedprocess] [info] Scanned user extensions: 1
[2018-12-10 14:39:30.719] [sharedprocess] [info] Scanned user extensions: 1
[2018-12-10 14:39:30.827] [sharedprocess] [info] Scanned user extensions: 1
[2018-12-10 14:39:30.914] [sharedprocess] [info] Scanned user extensions: 1
[2018-12-10 14:39:31.036] [sharedprocess] [info] Scanned user extensions: 1
[2018-12-10 14:39:31.062] [sharedprocess] [info] Scanned system extensions: 71
[2018-12-10 14:39:31.077] [sharedprocess] [info] Scanned system extensions: 71
[2018-12-10 14:39:31.089] [sharedprocess] [info] Scanned system extensions: 71
[2018-12-10 14:39:31.096] [sharedprocess] [info] Scanned system extensions: 71
[2018-12-10 14:39:31.104] [sharedprocess] [info] Scanned user extensions: 1
[2018-12-10 14:39:32.669] [sharedprocess] [info] Scanned user extensions: 1
[2018-12-10 14:40:32.294] [sharedprocess] [info] Scanned user extensions: 1
[2018-12-10 14:40:32.489] [sharedprocess] [info] Scanned user extensions: 1
[2018-12-10 14:40:32.597] [sharedprocess] [info] Scanned user extensions: 1
[2018-12-10 14:40:32.644] [sharedprocess] [info] Scanned user extensions: 1
[2018-12-10 14:40:32.645] [sharedprocess] [info] Scanned system extensions: 71
[2018-12-10 14:40:32.652] [sharedprocess] [info] Scanned system extensions: 71
[2018-12-10 14:40:32.659] [sharedprocess] [info] Scanned system extensions: 71
[2018-12-10 14:40:32.665] [sharedprocess] [info] Scanned system extensions: 71
[2018-12-10 14:40:32.672] [sharedprocess] [info] Scanned user extensions: 1
[2018-12-10 14:40:34.104] [sharedprocess] [info] Scanned user extensions: 1
[2018-12-10 14:40:48.623] [sharedprocess] [info] Scanned user extensions: 1
[2018-12-10 14:40:48.703] [sharedprocess] [info] Scanned user extensions: 1
[2018-12-10 14:40:48.799] [sharedprocess] [info] Scanned user extensions: 1
[2018-12-10 14:40:48.879] [sharedprocess] [info] Scanned user extensions: 1
[2018-12-10 14:40:48.889] [sharedprocess] [info] Scanned system extensions: 71
[2018-12-10 14:40:48.900] [sharedprocess] [info] Scanned system extensions: 71
[2018-12-10 14:40:48.916] [sharedprocess] [info] Scanned system extensions: 71
[2018-12-10 14:40:48.919] [sharedprocess] [info] Scanned system extensions: 71
[2018-12-10 14:40:48.937] [sharedprocess] [info] Scanned user extensions: 1
[2018-12-10 14:40:50.306] [sharedprocess] [info] Scanned user extensions: 1
[2018-12-10 14:41:48.121] [sharedprocess] [info] Scanned user extensions: 1
[2018-12-10 14:41:48.184] [sharedprocess] [info] Scanned system extensions: 71
[2018-12-10 14:42:22.162] [sharedprocess] [info] Scanned user extensions: 1
[2018-12-10 14:42:22.217] [sharedprocess] [info] Scanned user extensions: 1
[2018-12-10 14:42:22.268] [sharedprocess] [info] Scanned user extensions: 1
[2018-12-10 14:42:22.318] [sharedprocess] [info] Scanned user extensions: 1
[2018-12-10 14:42:22.319] [sharedprocess] [info] Scanned system extensions: 71
[2018-12-10 14:42:22.324] [sharedprocess] [info] Scanned system extensions: 71
[2018-12-10 14:42:22.330] [sharedprocess] [info] Scanned system extensions: 71
[2018-12-10 14:42:22.334] [sharedprocess] [info] Scanned system extensions: 71
[2018-12-10 14:42:22.339] [sharedprocess] [info] Scanned user extensions: 1
[2018-12-10 14:42:22.969] [sharedprocess] [info] Scanned user extensions: 1
[2018-12-10 14:42:23.007] [sharedprocess] [info] Scanned system extensions: 71
[2018-12-10 14:42:24.107] [sharedprocess] [info] Scanned user extensions: 1
[2018-12-10 14:42:49.832] [sharedprocess] [info] Scanned user extensions: 1
[2018-12-10 14:42:49.883] [sharedprocess] [info] Scanned user extensions: 1
[2018-12-10 14:42:49.958] [sharedprocess] [info] Scanned user extensions: 1
[2018-12-10 14:42:50.064] [sharedprocess] [info] Scanned user extensions: 1
[2018-12-10 14:42:50.067] [sharedprocess] [info] Scanned system extensions: 71
[2018-12-10 14:42:50.080] [sharedprocess] [info] Scanned system extensions: 71
[2018-12-10 14:42:50.084] [sharedprocess] [info] Scanned system extensions: 71
[2018-12-10 14:42:50.090] [sharedprocess] [info] Scanned system extensions: 71
[2018-12-10 14:42:50.108] [sharedprocess] [info] Scanned user extensions: 1
[2018-12-10 14:42:50.679] [sharedprocess] [info] Scanned user extensions: 1
[2018-12-10 14:42:50.729] [sharedprocess] [info] Scanned system extensions: 71
[2018-12-10 14:42:51.752] [sharedprocess] [info] Scanned user extensions: 1
[2018-12-10 14:43:04.054] [sharedprocess] [info] Scanned user extensions: 1
[2018-12-10 14:43:04.146] [sharedprocess] [info] Scanned user extensions: 1
[2018-12-10 14:43:04.195] [sharedprocess] [info] Scanned user extensions: 1
[2018-12-10 14:43:04.226] [sharedprocess] [info] Scanned user extensions: 1
[2018-12-10 14:43:04.227] [sharedprocess] [info] Scanned system extensions: 71
[2018-12-10 14:43:04.232] [sharedprocess] [info] Scanned system extensions: 71
[2018-12-10 14:43:04.235] [sharedprocess] [info] Scanned system extensions: 71
[2018-12-10 14:43:04.241] [sharedprocess] [info] Scanned system extensions: 71
[2018-12-10 14:43:04.246] [sharedprocess] [info] Scanned user extensions: 1
[2018-12-10 14:43:04.847] [sharedprocess] [info] Scanned user extensions: 1
[2018-12-10 14:43:04.874] [sharedprocess] [info] Scanned system extensions: 71
[2018-12-10 14:43:05.750] [sharedprocess] [info] Scanned user extensions: 1
[2018-12-10 14:44:26.425] [sharedprocess] [info] Scanned user extensions: 1
[2018-12-10 14:44:26.487] [sharedprocess] [info] Scanned user extensions: 1
[2018-12-10 14:44:26.616] [sharedprocess] [info] Scanned user extensions: 1
[2018-12-10 14:44:26.703] [sharedprocess] [info] Scanned user extensions: 1
[2018-12-10 14:44:26.713] [sharedprocess] [info] Scanned system extensions: 71
[2018-12-10 14:44:26.719] [sharedprocess] [info] Scanned system extensions: 71
[2018-12-10 14:44:26.735] [sharedprocess] [info] Scanned system extensions: 71
[2018-12-10 14:44:26.754] [sharedprocess] [info] Scanned system extensions: 71
[2018-12-10 14:44:26.764] [sharedprocess] [info] Scanned user extensions: 1
[2018-12-10 14:44:28.362] [sharedprocess] [info] Scanned user extensions: 1
[2018-12-10 14:45:18.258] [sharedprocess] [info] Scanned user extensions: 1
[2018-12-10 14:45:18.421] [sharedprocess] [info] Scanned user extensions: 1
[2018-12-10 14:45:18.520] [sharedprocess] [info] Scanned user extensions: 1
[2018-12-10 14:45:18.670] [sharedprocess] [info] Scanned user extensions: 1
[2018-12-10 14:45:18.681] [sharedprocess] [info] Scanned system extensions: 71
[2018-12-10 14:45:18.712] [sharedprocess] [info] Scanned system extensions: 71
[2018-12-10 14:45:18.727] [sharedprocess] [info] Scanned system extensions: 71
[2018-12-10 14:45:18.735] [sharedprocess] [info] Scanned system extensions: 71
[2018-12-10 14:45:18.752] [sharedprocess] [info] Scanned user extensions: 1
[2018-12-10 14:45:20.270] [sharedprocess] [info] Scanned user extensions: 1
[2018-12-10 14:45:38.370] [sharedprocess] [info] Scanned user extensions: 1
[2018-12-10 14:50:20.289] [sharedprocess] [info] Scanned user extensions: 1
[2018-12-10 14:55:20.312] [sharedprocess] [info] Scanned user extensions: 1
[2018-12-10 15:00:20.331] [sharedprocess] [info] Scanned user extensions: 1
[2018-12-10 15:05:20.345] [sharedprocess] [info] Scanned user extensions: 1
[2018-12-10 15:10:20.366] [sharedprocess] [info] Scanned user extensions: 1
[2018-12-10 15:15:20.388] [sharedprocess] [info] Scanned user extensions: 1
[2018-12-10 15:20:20.405] [sharedprocess] [info] Scanned user extensions: 1
[2018-12-10 15:25:20.424] [sharedprocess] [info] Scanned user extensions: 1
[2018-12-10 15:26:14.164] [sharedprocess] [info] Scanned user extensions: 1
[2018-12-10 15:26:14.245] [sharedprocess] [info] Scanned system extensions: 71
[2018-12-10 15:30:20.447] [sharedprocess] [info] Scanned user extensions: 1
[2018-12-10 15:35:20.464] [sharedprocess] [info] Scanned user extensions: 1
[2018-12-10 15:40:20.549] [sharedprocess] [info] Scanned user extensions: 1
[2018-12-10 15:45:20.567] [sharedprocess] [info] Scanned user extensions: 1
[2018-12-10 15:50:20.587] [sharedprocess] [info] Scanned user extensions: 1
[2018-12-10 15:55:20.613] [sharedprocess] [info] Scanned user extensions: 1
[2018-12-10 16:00:20.636] [sharedprocess] [info] Scanned user extensions: 1
[2018-12-10 16:05:20.657] [sharedprocess] [info] Scanned user extensions: 1
[2018-12-10 16:07:23.959] [sharedprocess] [info] Scanned user extensions: 1
[2018-12-10 16:07:23.993] [sharedprocess] [info] Scanned user extensions: 1
[2018-12-10 16:07:24.042] [sharedprocess] [info] Scanned user extensions: 1
[2018-12-10 16:07:24.063] [sharedprocess] [info] Scanned system extensions: 71
[2018-12-10 16:07:24.066] [sharedprocess] [info] Scanned system extensions: 71
[2018-12-10 16:07:24.071] [sharedprocess] [info] Scanned system extensions: 71
[2018-12-10 16:07:24.071] [sharedprocess] [info] Scanned system extensions: 71
[2018-12-10 16:07:24.072] [sharedprocess] [info] Scanned user extensions: 1
[2018-12-10 16:07:24.089] [sharedprocess] [info] Scanned user extensions: 1
[2018-12-10 16:07:24.868] [sharedprocess] [info] Scanned user extensions: 1
[2018-12-10 16:07:37.183] [sharedprocess] [info] Scanned user extensions: 1
[2018-12-10 16:07:37.203] [sharedprocess] [info] Scanned user extensions: 1
[2018-12-10 16:07:37.214] [sharedprocess] [info] Scanned system extensions: 71
[2018-12-10 16:07:37.420] [sharedprocess] [info] Scanned user extensions: 1
[2018-12-10 16:07:37.446] [sharedprocess] [info] Scanned user extensions: 1
[2018-12-10 16:07:37.458] [sharedprocess] [info] Scanned user extensions: 1
[2018-12-10 16:07:37.467] [sharedprocess] [info] Scanned system extensions: 71
[2018-12-10 16:07:37.470] [sharedprocess] [info] Scanned system extensions: 71
[2018-12-10 16:07:37.473] [sharedprocess] [info] Scanned system extensions: 71
[2018-12-10 16:07:38.291] [sharedprocess] [info] Scanned user extensions: 1
[2018-12-10 16:07:55.973] [sharedprocess] [info] Scanned user extensions: 1
[2018-12-10 16:07:55.995] [sharedprocess] [info] Scanned user extensions: 1
[2018-12-10 16:07:56.011] [sharedprocess] [info] Scanned system extensions: 71
[2018-12-10 16:07:56.134] [sharedprocess] [info] Scanned user extensions: 1
[2018-12-10 16:07:56.164] [sharedprocess] [info] Scanned user extensions: 1
[2018-12-10 16:07:56.200] [sharedprocess] [info] Scanned user extensions: 1
[2018-12-10 16:07:56.212] [sharedprocess] [info] Scanned system extensions: 71
[2018-12-10 16:07:56.217] [sharedprocess] [info] Scanned system extensions: 71
[2018-12-10 16:07:56.221] [sharedprocess] [info] Scanned system extensions: 71
[2018-12-10 16:07:57.084] [sharedprocess] [info] Scanned user extensions: 1
[2018-12-10 16:08:11.867] [sharedprocess] [info] Scanned user extensions: 1
[2018-12-10 16:08:11.916] [sharedprocess] [info] Scanned user extensions: 1
[2018-12-10 16:08:11.976] [sharedprocess] [info] Scanned user extensions: 1
[2018-12-10 16:08:12.037] [sharedprocess] [info] Scanned user extensions: 1
[2018-12-10 16:08:12.054] [sharedprocess] [info] Scanned system extensions: 71
[2018-12-10 16:08:12.087] [sharedprocess] [info] Scanned user extensions: 1
[2018-12-10 16:08:12.098] [sharedprocess] [info] Scanned system extensions: 71
[2018-12-10 16:08:12.101] [sharedprocess] [info] Scanned system extensions: 71
[2018-12-10 16:08:12.106] [sharedprocess] [info] Scanned system extensions: 71
[2018-12-10 16:08:12.918] [sharedprocess] [info] Scanned user extensions: 1
[2018-12-10 16:13:12.942] [sharedprocess] [info] Scanned user extensions: 1
[2018-12-10 16:18:12.967] [sharedprocess] [info] Scanned user extensions: 1
[2018-12-10 16:23:12.992] [sharedprocess] [info] Scanned user extensions: 1
[2018-12-10 16:28:13.010] [sharedprocess] [info] Scanned user extensions: 1
[2018-12-10 16:33:13.026] [sharedprocess] [info] Scanned user extensions: 1
[2018-12-10 16:38:13.045] [sharedprocess] [info] Scanned user extensions: 1
[2018-12-10 16:43:13.108] [sharedprocess] [info] Scanned user extensions: 1
[2018-12-10 16:48:13.132] [sharedprocess] [info] Scanned user extensions: 1
[2018-12-10 16:53:13.147] [sharedprocess] [info] Scanned user extensions: 1
[2018-12-10 16:58:13.171] [sharedprocess] [info] Scanned user extensions: 1
[2018-12-10 17:03:13.189] [sharedprocess] [info] Scanned user extensions: 1
[2018-12-10 17:08:13.211] [sharedprocess] [info] Scanned user extensions: 1
[2018-12-10 17:13:13.226] [sharedprocess] [info] Scanned user extensions: 1
[2018-12-10 17:18:13.254] [sharedprocess] [info] Scanned user extensions: 1
[2018-12-10 17:23:13.272] [sharedprocess] [info] Scanned user extensions: 1
[2018-12-10 17:28:13.286] [sharedprocess] [info] Scanned user extensions: 1
[2018-12-10 17:33:13.307] [sharedprocess] [info] Scanned user extensions: 1
[2018-12-10 17:38:13.327] [sharedprocess] [info] Scanned user extensions: 1
[2018-12-10 17:43:13.372] [sharedprocess] [info] Scanned user extensions: 1
[2018-12-10 17:48:13.398] [sharedprocess] [info] Scanned user extensions: 1
[2018-12-10 17:53:13.415] [sharedprocess] [info] Scanned user extensions: 1
[2018-12-10 17:58:13.437] [sharedprocess] [info] Scanned user extensions: 1
[2018-12-10 18:03:13.455] [sharedprocess] [info] Scanned user extensions: 1
[2018-12-10 18:08:13.479] [sharedprocess] [info] Scanned user extensions: 1
[2018-12-10 18:13:13.496] [sharedprocess] [info] Scanned user extensions: 1
[2018-12-10 18:18:13.515] [sharedprocess] [info] Scanned user extensions: 1
[2018-12-10 18:23:13.540] [sharedprocess] [info] Scanned user extensions: 1
[2018-12-10 18:28:13.564] [sharedprocess] [info] Scanned user extensions: 1
[2018-12-10 18:33:13.582] [sharedprocess] [info] Scanned user extensions: 1
[2018-12-10 18:38:13.609] [sharedprocess] [info] Scanned user extensions: 1
[2018-12-10 18:43:13.674] [sharedprocess] [info] Scanned user extensions: 1
[2018-12-10 18:48:13.705] [sharedprocess] [info] Scanned user extensions: 1
[2018-12-10 18:53:13.723] [sharedprocess] [info] Scanned user extensions: 1
[2018-12-10 18:58:13.743] [sharedprocess] [info] Scanned user extensions: 1
[2018-12-10 19:03:13.762] [sharedprocess] [info] Scanned user extensions: 1
[2018-12-10 19:08:13.785] [sharedprocess] [info] Scanned user extensions: 1
[2018-12-10 19:13:13.804] [sharedprocess] [info] Scanned user extensions: 1
[2018-12-10 19:18:13.827] [sharedprocess] [info] Scanned user extensions: 1
[2018-12-10 19:23:13.850] [sharedprocess] [info] Scanned user extensions: 1
[2018-12-10 19:28:13.879] [sharedprocess] [info] Scanned user extensions: 1
[2018-12-10 19:33:13.917] [sharedprocess] [info] Scanned user extensions: 1
[2018-12-10 19:38:13.936] [sharedprocess] [info] Scanned user extensions: 1
[2018-12-10 19:43:13.981] [sharedprocess] [info] Scanned user extensions: 1
[2018-12-10 19:48:14.001] [sharedprocess] [info] Scanned user extensions: 1
[2018-12-10 19:53:14.019] [sharedprocess] [info] Scanned user extensions: 1
[2018-12-10 19:58:14.037] [sharedprocess] [info] Scanned user extensions: 1
[2018-12-10 20:03:14.060] [sharedprocess] [info] Scanned user extensions: 1
[2018-12-10 20:08:14.078] [sharedprocess] [info] Scanned user extensions: 1
[2018-12-10 20:13:14.104] [sharedprocess] [info] Scanned user extensions: 1
[2018-12-10 20:18:14.123] [sharedprocess] [info] Scanned user extensions: 1
[2018-12-10 20:23:14.149] [sharedprocess] [info] Scanned user extensions: 1
[2018-12-10 20:28:14.173] [sharedprocess] [info] Scanned user extensions: 1
[2018-12-10 20:33:14.193] [sharedprocess] [info] Scanned user extensions: 1
[2018-12-10 20:38:14.213] [sharedprocess] [info] Scanned user extensions: 1
[2018-12-10 20:43:14.285] [sharedprocess] [info] Scanned user extensions: 1
[2018-12-10 20:48:14.303] [sharedprocess] [info] Scanned user extensions: 1
[2018-12-10 20:53:14.329] [sharedprocess] [info] Scanned user extensions: 1
[2018-12-10 20:58:14.343] [sharedprocess] [info] Scanned user extensions: 1
[2018-12-10 21:03:14.363] [sharedprocess] [info] Scanned user extensions: 1
[2018-12-10 21:08:14.380] [sharedprocess] [info] Scanned user extensions: 1
[2018-12-10 21:13:14.393] [sharedprocess] [info] Scanned user extensions: 1
[2018-12-10 21:18:14.409] [sharedprocess] [info] Scanned user extensions: 1
[2018-12-10 21:23:14.430] [sharedprocess] [info] Scanned user extensions: 1
[2018-12-10 21:28:14.445] [sharedprocess] [info] Scanned user extensions: 1
[2018-12-10 21:33:14.462] [sharedprocess] [info] Scanned user extensions: 1
[2018-12-10 21:38:14.486] [sharedprocess] [info] Scanned user extensions: 1
[2018-12-10 21:43:14.540] [sharedprocess] [info] Scanned user extensions: 1
[2018-12-10 21:48:14.563] [sharedprocess] [info] Scanned user extensions: 1
[2018-12-10 21:53:14.574] [sharedprocess] [info] Scanned user extensions: 1
[2018-12-10 21:58:14.600] [sharedprocess] [info] Scanned user extensions: 1
[2018-12-10 22:03:14.618] [sharedprocess] [info] Scanned user extensions: 1
[2018-12-10 22:08:14.629] [sharedprocess] [info] Scanned user extensions: 1
[2018-12-10 22:13:14.653] [sharedprocess] [info] Scanned user extensions: 1
[2018-12-10 22:18:14.681] [sharedprocess] [info] Scanned user extensions: 1
[2018-12-10 22:23:14.698] [sharedprocess] [info] Scanned user extensions: 1
[2018-12-10 22:28:14.713] [sharedprocess] [info] Scanned user extensions: 1
[2018-12-10 22:33:14.745] [sharedprocess] [info] Scanned user extensions: 1
[2018-12-10 22:38:14.770] [sharedprocess] [info] Scanned user extensions: 1
[2018-12-10 22:43:14.846] [sharedprocess] [info] Scanned user extensions: 1
[2018-12-10 22:48:14.869] [sharedprocess] [info] Scanned user extensions: 1
[2018-12-10 22:53:14.885] [sharedprocess] [info] Scanned user extensions: 1
[2018-12-10 22:58:14.911] [sharedprocess] [info] Scanned user extensions: 1
[2018-12-10 23:03:14.930] [sharedprocess] [info] Scanned user extensions: 1
[2018-12-10 23:08:14.951] [sharedprocess] [info] Scanned user extensions: 1
[2018-12-10 23:13:14.977] [sharedprocess] [info] Scanned user extensions: 1
[2018-12-10 23:18:15.011] [sharedprocess] [info] Scanned user extensions: 1
[2018-12-10 23:23:15.032] [sharedprocess] [info] Scanned user extensions: 1
[2018-12-10 23:28:15.049] [sharedprocess] [info] Scanned user extensions: 1
[2018-12-10 23:33:15.066] [sharedprocess] [info] Scanned user extensions: 1
[2018-12-10 23:38:15.084] [sharedprocess] [info] Scanned user extensions: 1
[2018-12-10 23:43:15.156] [sharedprocess] [info] Scanned user extensions: 1
[2018-12-10 23:48:15.177] [sharedprocess] [info] Scanned user extensions: 1
[2018-12-10 23:53:15.196] [sharedprocess] [info] Scanned user extensions: 1
[2018-12-10 23:58:15.220] [sharedprocess] [info] Scanned user extensions: 1
[2018-12-11 00:03:15.245] [sharedprocess] [info] Scanned user extensions: 1
[2018-12-11 00:08:15.272] [sharedprocess] [info] Scanned user extensions: 1
[2018-12-11 00:13:15.290] [sharedprocess] [info] Scanned user extensions: 1
[2018-12-11 00:18:15.309] [sharedprocess] [info] Scanned user extensions: 1
[2018-12-11 00:23:15.327] [sharedprocess] [info] Scanned user extensions: 1
[2018-12-11 00:28:15.345] [sharedprocess] [info] Scanned user extensions: 1
[2018-12-11 00:33:15.361] [sharedprocess] [info] Scanned user extensions: 1
[2018-12-11 00:38:15.377] [sharedprocess] [info] Scanned user extensions: 1
[2018-12-11 00:43:15.437] [sharedprocess] [info] Scanned user extensions: 1
[2018-12-11 00:48:15.461] [sharedprocess] [info] Scanned user extensions: 1
[2018-12-11 00:53:15.480] [sharedprocess] [info] Scanned user extensions: 1
[2018-12-11 00:58:15.501] [sharedprocess] [info] Scanned user extensions: 1
[2018-12-11 01:03:15.526] [sharedprocess] [info] Scanned user extensions: 1
[2018-12-11 01:08:15.552] [sharedprocess] [info] Scanned user extensions: 1
[2018-12-11 01:13:15.576] [sharedprocess] [info] Scanned user extensions: 1
[2018-12-11 01:18:15.594] [sharedprocess] [info] Scanned user extensions: 1
[2018-12-11 01:23:15.617] [sharedprocess] [info] Scanned user extensions: 1
[2018-12-11 01:28:15.643] [sharedprocess] [info] Scanned user extensions: 1
[2018-12-11 01:33:15.656] [sharedprocess] [info] Scanned user extensions: 1
[2018-12-11 01:38:15.673] [sharedprocess] [info] Scanned user extensions: 1
[2018-12-11 01:43:15.738] [sharedprocess] [info] Scanned user extensions: 1
[2018-12-11 01:48:15.756] [sharedprocess] [info] Scanned user extensions: 1
[2018-12-11 01:53:15.772] [sharedprocess] [info] Scanned user extensions: 1
[2018-12-11 01:58:15.791] [sharedprocess] [info] Scanned user extensions: 1
[2018-12-11 02:03:15.815] [sharedprocess] [info] Scanned user extensions: 1
[2018-12-11 02:08:15.842] [sharedprocess] [info] Scanned user extensions: 1
[2018-12-11 02:13:15.869] [sharedprocess] [info] Scanned user extensions: 1
[2018-12-11 02:18:15.892] [sharedprocess] [info] Scanned user extensions: 1
[2018-12-11 02:23:15.915] [sharedprocess] [info] Scanned user extensions: 1
[2018-12-11 02:28:15.933] [sharedprocess] [info] Scanned user extensions: 1
[2018-12-11 02:33:15.949] [sharedprocess] [info] Scanned user extensions: 1
[2018-12-11 02:38:15.964] [sharedprocess] [info] Scanned user extensions: 1
[2018-12-11 02:43:16.023] [sharedprocess] [info] Scanned user extensions: 1
[2018-12-11 02:48:16.041] [sharedprocess] [info] Scanned user extensions: 1
[2018-12-11 02:53:16.060] [sharedprocess] [info] Scanned user extensions: 1
[2018-12-11 02:58:16.076] [sharedprocess] [info] Scanned user extensions: 1
[2018-12-11 03:03:16.098] [sharedprocess] [info] Scanned user extensions: 1
[2018-12-11 03:08:16.119] [sharedprocess] [info] Scanned user extensions: 1
[2018-12-11 03:13:16.135] [sharedprocess] [info] Scanned user extensions: 1
[2018-12-11 03:18:16.153] [sharedprocess] [info] Scanned user extensions: 1
[2018-12-11 03:23:16.167] [sharedprocess] [info] Scanned user extensions: 1
[2018-12-11 03:28:16.190] [sharedprocess] [info] Scanned user extensions: 1
[2018-12-11 03:33:16.214] [sharedprocess] [info] Scanned user extensions: 1
[2018-12-11 03:38:16.230] [sharedprocess] [info] Scanned user extensions: 1
[2018-12-11 03:43:16.309] [sharedprocess] [info] Scanned user extensions: 1
[2018-12-11 03:48:16.339] [sharedprocess] [info] Scanned user extensions: 1
[2018-12-11 03:53:16.353] [sharedprocess] [info] Scanned user extensions: 1
[2018-12-11 03:58:16.374] [sharedprocess] [info] Scanned user extensions: 1
[2018-12-11 04:03:16.390] [sharedprocess] [info] Scanned user extensions: 1
[2018-12-11 04:08:16.407] [sharedprocess] [info] Scanned user extensions: 1
[2018-12-11 04:13:16.428] [sharedprocess] [info] Scanned user extensions: 1
[2018-12-11 04:18:16.446] [sharedprocess] [info] Scanned user extensions: 1
[2018-12-11 04:23:16.460] [sharedprocess] [info] Scanned user extensions: 1
[2018-12-11 04:28:16.482] [sharedprocess] [info] Scanned user extensions: 1
[2018-12-11 04:33:16.503] [sharedprocess] [info] Scanned user extensions: 1
[2018-12-11 04:38:16.518] [sharedprocess] [info] Scanned user extensions: 1
[2018-12-11 04:43:16.595] [sharedprocess] [info] Scanned user extensions: 1
[2018-12-11 04:48:16.608] [sharedprocess] [info] Scanned user extensions: 1
[2018-12-11 04:53:16.626] [sharedprocess] [info] Scanned user extensions: 1
[2018-12-11 04:58:16.640] [sharedprocess] [info] Scanned user extensions: 1
[2018-12-11 05:03:16.665] [sharedprocess] [info] Scanned user extensions: 1
[2018-12-11 05:08:16.684] [sharedprocess] [info] Scanned user extensions: 1
[2018-12-11 05:13:16.699] [sharedprocess] [info] Scanned user extensions: 1
[2018-12-11 05:18:16.725] [sharedprocess] [info] Scanned user extensions: 1
[2018-12-11 05:23:16.755] [sharedprocess] [info] Scanned user extensions: 1
[2018-12-11 05:28:16.766] [sharedprocess] [info] Scanned user extensions: 1
[2018-12-11 05:33:16.796] [sharedprocess] [info] Scanned user extensions: 1
[2018-12-11 05:38:16.813] [sharedprocess] [info] Scanned user extensions: 1
[2018-12-11 05:43:16.871] [sharedprocess] [info] Scanned user extensions: 1
[2018-12-11 05:48:16.886] [sharedprocess] [info] Scanned user extensions: 1
[2018-12-11 05:53:16.907] [sharedprocess] [info] Scanned user extensions: 1
[2018-12-11 05:58:16.932] [sharedprocess] [info] Scanned user extensions: 1
[2018-12-11 06:03:16.950] [sharedprocess] [info] Scanned user extensions: 1
[2018-12-11 06:08:16.973] [sharedprocess] [info] Scanned user extensions: 1
[2018-12-11 06:13:16.989] [sharedprocess] [info] Scanned user extensions: 1
[2018-12-11 06:18:17.015] [sharedprocess] [info] Scanned user extensions: 1
[2018-12-11 06:23:17.034] [sharedprocess] [info] Scanned user extensions: 1
[2018-12-11 06:28:17.053] [sharedprocess] [info] Scanned user extensions: 1
[2018-12-11 06:33:17.079] [sharedprocess] [info] Scanned user extensions: 1
[2018-12-11 06:38:17.095] [sharedprocess] [info] Scanned user extensions: 1
[2018-12-11 06:43:17.162] [sharedprocess] [info] Scanned user extensions: 1
[2018-12-11 06:48:17.195] [sharedprocess] [info] Scanned user extensions: 1
[2018-12-11 06:53:17.218] [sharedprocess] [info] Scanned user extensions: 1
[2018-12-11 06:58:17.249] [sharedprocess] [info] Scanned user extensions: 1
[2018-12-11 07:03:17.269] [sharedprocess] [info] Scanned user extensions: 1
[2018-12-11 07:08:17.292] [sharedprocess] [info] Scanned user extensions: 1
[2018-12-11 07:13:17.316] [sharedprocess] [info] Scanned user extensions: 1
[2018-12-11 07:18:17.342] [sharedprocess] [info] Scanned user extensions: 1
[2018-12-11 07:23:17.357] [sharedprocess] [info] Scanned user extensions: 1
[2018-12-11 07:28:17.378] [sharedprocess] [info] Scanned user extensions: 1
[2018-12-11 07:33:17.394] [sharedprocess] [info] Scanned user extensions: 1
[2018-12-11 07:38:17.420] [sharedprocess] [info] Scanned user extensions: 1
[2018-12-11 07:43:17.487] [sharedprocess] [info] Scanned user extensions: 1
[2018-12-11 07:48:17.506] [sharedprocess] [info] Scanned user extensions: 1
[2018-12-11 07:53:17.528] [sharedprocess] [info] Scanned user extensions: 1
[2018-12-11 07:58:17.542] [sharedprocess] [info] Scanned user extensions: 1
[2018-12-11 08:03:17.557] [sharedprocess] [info] Scanned user extensions: 1
[2018-12-11 08:08:17.574] [sharedprocess] [info] Scanned user extensions: 1
[2018-12-11 08:13:17.603] [sharedprocess] [info] Scanned user extensions: 1
[2018-12-11 08:18:17.623] [sharedprocess] [info] Scanned user extensions: 1
[2018-12-11 08:23:17.647] [sharedprocess] [info] Scanned user extensions: 1
[2018-12-11 08:28:17.665] [sharedprocess] [info] Scanned user extensions: 1
[2018-12-11 08:31:17.699] [sharedprocess] [info] Scanned user extensions: 1
[2018-12-11 08:31:17.725] [sharedprocess] [info] Scanned user extensions: 1
[2018-12-11 08:31:17.759] [sharedprocess] [info] Scanned user extensions: 1
[2018-12-11 08:31:17.786] [sharedprocess] [info] Scanned system extensions: 71
[2018-12-11 08:31:17.791] [sharedprocess] [info] Scanned user extensions: 1
[2018-12-11 08:31:17.808] [sharedprocess] [info] Scanned user extensions: 1
[2018-12-11 08:31:17.813] [sharedprocess] [info] Scanned system extensions: 71
[2018-12-11 08:31:17.816] [sharedprocess] [info] Scanned system extensions: 71
[2018-12-11 08:31:17.818] [sharedprocess] [info] Scanned system extensions: 71
[2018-12-11 08:31:18.781] [sharedprocess] [info] Scanned user extensions: 1
[2018-12-11 08:32:07.263] [sharedprocess] [info] Scanned user extensions: 1
[2018-12-11 08:32:07.296] [sharedprocess] [info] Scanned user extensions: 1
[2018-12-11 08:32:07.336] [sharedprocess] [info] Scanned user extensions: 1
[2018-12-11 08:32:07.346] [sharedprocess] [info] Scanned system extensions: 71
[2018-12-11 08:32:07.369] [sharedprocess] [info] Scanned user extensions: 1
[2018-12-11 08:32:07.383] [sharedprocess] [info] Scanned user extensions: 1
[2018-12-11 08:32:07.388] [sharedprocess] [info] Scanned system extensions: 71
[2018-12-11 08:32:07.390] [sharedprocess] [info] Scanned system extensions: 71
[2018-12-11 08:32:07.394] [sharedprocess] [info] Scanned system extensions: 71
[2018-12-11 08:32:08.471] [sharedprocess] [info] Scanned user extensions: 1
[2018-12-11 08:33:16.470] [sharedprocess] [info] Scanned user extensions: 1
[2018-12-11 08:33:16.488] [sharedprocess] [info] Scanned user extensions: 1
[2018-12-11 08:33:16.506] [sharedprocess] [info] Scanned system extensions: 71
[2018-12-11 08:33:16.527] [sharedprocess] [info] Scanned user extensions: 1
[2018-12-11 08:33:16.549] [sharedprocess] [info] Scanned user extensions: 1
[2018-12-11 08:33:16.569] [sharedprocess] [info] Scanned user extensions: 1
[2018-12-11 08:33:16.581] [sharedprocess] [info] Scanned system extensions: 71
[2018-12-11 08:33:16.584] [sharedprocess] [info] Scanned system extensions: 71
[2018-12-11 08:33:16.586] [sharedprocess] [info] Scanned system extensions: 71
[2018-12-11 08:33:17.706] [sharedprocess] [info] Scanned user extensions: 1
[2018-12-11 08:34:15.127] [sharedprocess] [info] Scanned user extensions: 1
[2018-12-11 08:34:15.151] [sharedprocess] [info] Scanned user extensions: 1
[2018-12-11 08:34:15.193] [sharedprocess] [info] Scanned user extensions: 1
[2018-12-11 08:34:15.207] [sharedprocess] [info] Scanned system extensions: 71
[2018-12-11 08:34:15.222] [sharedprocess] [info] Scanned user extensions: 1
[2018-12-11 08:34:15.242] [sharedprocess] [info] Scanned user extensions: 1
[2018-12-11 08:34:15.254] [sharedprocess] [info] Scanned system extensions: 71
[2018-12-11 08:34:15.259] [sharedprocess] [info] Scanned system extensions: 71
[2018-12-11 08:34:15.262] [sharedprocess] [info] Scanned system extensions: 71
[2018-12-11 08:34:16.184] [sharedprocess] [info] Scanned user extensions: 1
[2018-12-11 08:34:49.073] [sharedprocess] [info] Scanned user extensions: 1
[2018-12-11 08:34:49.121] [sharedprocess] [info] Scanned user extensions: 1
[2018-12-11 08:34:49.148] [sharedprocess] [info] Scanned user extensions: 1
[2018-12-11 08:34:49.164] [sharedprocess] [info] Scanned system extensions: 71
[2018-12-11 08:34:49.168] [sharedprocess] [info] Scanned system extensions: 71
[2018-12-11 08:34:49.172] [sharedprocess] [info] Scanned system extensions: 71
[2018-12-11 08:34:49.173] [sharedprocess] [info] Scanned system extensions: 71
[2018-12-11 08:34:49.173] [sharedprocess] [info] Scanned user extensions: 1
[2018-12-11 08:34:49.187] [sharedprocess] [info] Scanned user extensions: 1
[2018-12-11 08:34:50.059] [sharedprocess] [info] Scanned user extensions: 1
[2018-12-11 08:39:33.267] [sharedprocess] [info] Scanned user extensions: 1
[2018-12-11 08:39:33.280] [sharedprocess] [info] Scanned user extensions: 1
[2018-12-11 08:39:33.289] [sharedprocess] [info] Scanned system extensions: 71
[2018-12-11 08:39:33.314] [sharedprocess] [info] Scanned user extensions: 1
[2018-12-11 08:39:33.339] [sharedprocess] [info] Scanned user extensions: 1
[2018-12-11 08:39:33.379] [sharedprocess] [info] Scanned user extensions: 1
[2018-12-11 08:39:33.396] [sharedprocess] [info] Scanned system extensions: 71
[2018-12-11 08:39:33.400] [sharedprocess] [info] Scanned system extensions: 71
[2018-12-11 08:39:33.405] [sharedprocess] [info] Scanned system extensions: 71
[2018-12-11 08:39:34.277] [sharedprocess] [info] Scanned user extensions: 1
[2018-12-11 08:39:47.600] [sharedprocess] [info] Scanned user extensions: 1
[2018-12-11 08:39:47.641] [sharedprocess] [info] Scanned user extensions: 1
[2018-12-11 08:39:47.685] [sharedprocess] [info] Scanned user extensions: 1
[2018-12-11 08:39:47.721] [sharedprocess] [info] Scanned user extensions: 1
[2018-12-11 08:39:47.722] [sharedprocess] [info] Scanned system extensions: 71
[2018-12-11 08:39:47.774] [sharedprocess] [info] Scanned user extensions: 1
[2018-12-11 08:39:47.790] [sharedprocess] [info] Scanned system extensions: 71
[2018-12-11 08:39:47.794] [sharedprocess] [info] Scanned system extensions: 71
[2018-12-11 08:39:47.798] [sharedprocess] [info] Scanned system extensions: 71
[2018-12-11 08:39:48.661] [sharedprocess] [info] Scanned user extensions: 1
[2018-12-11 08:40:18.737] [sharedprocess] [info] Scanned user extensions: 1
[2018-12-11 08:40:18.764] [sharedprocess] [info] Scanned user extensions: 1
[2018-12-11 08:40:18.765] [sharedprocess] [info] Scanned system extensions: 71
[2018-12-11 08:40:18.818] [sharedprocess] [info] Scanned user extensions: 1
[2018-12-11 08:40:18.844] [sharedprocess] [info] Scanned user extensions: 1
[2018-12-11 08:40:18.880] [sharedprocess] [info] Scanned user extensions: 1
[2018-12-11 08:40:18.883] [sharedprocess] [info] Scanned system extensions: 71
[2018-12-11 08:40:18.886] [sharedprocess] [info] Scanned system extensions: 71
[2018-12-11 08:40:18.889] [sharedprocess] [info] Scanned system extensions: 71
[2018-12-11 08:40:20.041] [sharedprocess] [info] Scanned user extensions: 1
[2018-12-11 08:40:32.579] [sharedprocess] [info] Scanned user extensions: 1
[2018-12-11 08:40:32.594] [sharedprocess] [info] Scanned user extensions: 1
[2018-12-11 08:40:32.606] [sharedprocess] [info] Scanned system extensions: 71
[2018-12-11 08:40:32.636] [sharedprocess] [info] Scanned user extensions: 1
[2018-12-11 08:40:32.677] [sharedprocess] [info] Scanned user extensions: 1
[2018-12-11 08:40:32.700] [sharedprocess] [info] Scanned user extensions: 1
[2018-12-11 08:40:32.720] [sharedprocess] [info] Scanned system extensions: 71
[2018-12-11 08:40:32.722] [sharedprocess] [info] Scanned system extensions: 71
[2018-12-11 08:40:32.725] [sharedprocess] [info] Scanned system extensions: 71
[2018-12-11 08:40:33.670] [sharedprocess] [info] Scanned user extensions: 1
[2018-12-11 08:40:57.249] [sharedprocess] [info] Scanned user extensions: 1
[2018-12-11 08:40:57.269] [sharedprocess] [info] Scanned user extensions: 1
[2018-12-11 08:40:57.309] [sharedprocess] [info] Scanned user extensions: 1
[2018-12-11 08:40:57.327] [sharedprocess] [info] Scanned system extensions: 71
[2018-12-11 08:40:57.338] [sharedprocess] [info] Scanned user extensions: 1
[2018-12-11 08:40:57.366] [sharedprocess] [info] Scanned user extensions: 1
[2018-12-11 08:40:57.386] [sharedprocess] [info] Scanned system extensions: 71
[2018-12-11 08:40:57.388] [sharedprocess] [info] Scanned system extensions: 71
[2018-12-11 08:40:57.392] [sharedprocess] [info] Scanned system extensions: 71
[2018-12-11 08:40:58.344] [sharedprocess] [info] Scanned user extensions: 1
[2018-12-11 08:41:33.556] [sharedprocess] [info] Scanned user extensions: 1
[2018-12-11 08:41:33.581] [sharedprocess] [info] Scanned user extensions: 1
[2018-12-11 08:41:33.600] [sharedprocess] [info] Scanned system extensions: 71
[2018-12-11 08:41:33.770] [sharedprocess] [info] Scanned user extensions: 1
[2018-12-11 08:41:33.808] [sharedprocess] [info] Scanned user extensions: 1
[2018-12-11 08:41:33.838] [sharedprocess] [info] Scanned user extensions: 1
[2018-12-11 08:41:33.846] [sharedprocess] [info] Scanned system extensions: 71
[2018-12-11 08:41:33.848] [sharedprocess] [info] Scanned system extensions: 71
[2018-12-11 08:41:33.851] [sharedprocess] [info] Scanned system extensions: 71
[2018-12-11 08:41:34.711] [sharedprocess] [info] Scanned user extensions: 1
[2018-12-11 08:42:56.527] [sharedprocess] [info] Scanned user extensions: 1
[2018-12-11 08:42:56.560] [sharedprocess] [info] Scanned user extensions: 1
[2018-12-11 08:42:56.591] [sharedprocess] [info] Scanned user extensions: 1
[2018-12-11 08:42:56.609] [sharedprocess] [info] Scanned system extensions: 71
[2018-12-11 08:42:56.614] [sharedprocess] [info] Scanned system extensions: 71
[2018-12-11 08:42:56.620] [sharedprocess] [info] Scanned system extensions: 71
[2018-12-11 08:42:56.621] [sharedprocess] [info] Scanned system extensions: 71
[2018-12-11 08:42:56.622] [sharedprocess] [info] Scanned user extensions: 1
[2018-12-11 08:42:56.633] [sharedprocess] [info] Scanned user extensions: 1
[2018-12-11 08:42:57.722] [sharedprocess] [info] Scanned user extensions: 1
[2018-12-11 08:43:20.385] [sharedprocess] [info] Scanned user extensions: 1
[2018-12-11 08:43:20.415] [sharedprocess] [info] Scanned user extensions: 1
[2018-12-11 08:43:20.449] [sharedprocess] [info] Scanned user extensions: 1
[2018-12-11 08:43:20.488] [sharedprocess] [info] Scanned user extensions: 1
[2018-12-11 08:43:20.489] [sharedprocess] [info] Scanned system extensions: 71
[2018-12-11 08:43:20.548] [sharedprocess] [info] Scanned user extensions: 1
[2018-12-11 08:43:20.577] [sharedprocess] [info] Scanned system extensions: 71
[2018-12-11 08:43:20.581] [sharedprocess] [info] Scanned system extensions: 71
[2018-12-11 08:43:20.584] [sharedprocess] [info] Scanned system extensions: 71
[2018-12-11 08:43:21.467] [sharedprocess] [info] Scanned user extensions: 1
[2018-12-11 08:43:39.158] [sharedprocess] [info] Scanned user extensions: 1
[2018-12-11 08:43:39.183] [sharedprocess] [info] Scanned user extensions: 1
[2018-12-11 08:43:39.223] [sharedprocess] [info] Scanned user extensions: 1
[2018-12-11 08:43:39.257] [sharedprocess] [info] Scanned user extensions: 1
[2018-12-11 08:43:39.280] [sharedprocess] [info] Scanned system extensions: 71
[2018-12-11 08:43:39.307] [sharedprocess] [info] Scanned user extensions: 1
[2018-12-11 08:43:39.329] [sharedprocess] [info] Scanned system extensions: 71
[2018-12-11 08:43:39.333] [sharedprocess] [info] Scanned system extensions: 71
[2018-12-11 08:43:39.337] [sharedprocess] [info] Scanned system extensions: 71
[2018-12-11 08:43:40.223] [sharedprocess] [info] Scanned user extensions: 1
[2018-12-11 08:43:56.708] [sharedprocess] [info] Scanned user extensions: 1
[2018-12-11 08:43:56.724] [sharedprocess] [info] Scanned user extensions: 1
[2018-12-11 08:43:56.735] [sharedprocess] [info] Scanned system extensions: 71
[2018-12-11 08:43:56.779] [sharedprocess] [info] Scanned user extensions: 1
[2018-12-11 08:43:56.812] [sharedprocess] [info] Scanned user extensions: 1
[2018-12-11 08:43:56.836] [sharedprocess] [info] Scanned user extensions: 1
[2018-12-11 08:43:56.859] [sharedprocess] [info] Scanned system extensions: 71
[2018-12-11 08:43:56.862] [sharedprocess] [info] Scanned system extensions: 71
[2018-12-11 08:43:56.866] [sharedprocess] [info] Scanned system extensions: 71
[2018-12-11 08:43:57.680] [sharedprocess] [info] Scanned user extensions: 1
