[2018-12-10 13:40:16.920] [sharedprocess] [info] main {"machineId":"49cb117e7ac43643f47752b5f1e5cfe59acc30c523d73542df22d11e8e7954b4"}
[2018-12-10 13:40:16.959] [sharedprocess] [info] Scanned user extensions: 0
[2018-12-10 13:40:16.977] [sharedprocess] [info] Scanned user extensions: 0
[2018-12-10 13:40:16.988] [sharedprocess] [info] Scanned user extensions: 0
[2018-12-10 13:40:17.032] [sharedprocess] [info] Scanned system extensions: 71
[2018-12-10 13:40:17.035] [sharedprocess] [info] Scanned system extensions: 71
[2018-12-10 13:40:27.408] [sharedprocess] [info] Scanned user extensions: 0
[2018-12-10 13:40:56.924] [sharedprocess] [info] Starting to clean up unused language packs.
[2018-12-10 13:45:17.004] [sharedprocess] [info] Scanned user extensions: 0
[2018-12-10 13:50:17.017] [sharedprocess] [info] Scanned user extensions: 0
[2018-12-10 13:51:31.779] [sharedprocess] [info] Scanned user extensions: 0
[2018-12-10 13:51:31.849] [sharedprocess] [info] Scanned user extensions: 0
[2018-12-10 13:51:31.908] [sharedprocess] [info] Scanned system extensions: 71
[2018-12-10 13:51:38.926] [sharedprocess] [info] Installing extension: vscode-custom-css
[2018-12-10 13:51:38.927] [sharedprocess] [info] Scanned user extensions: 0
[2018-12-10 13:51:39.100] [sharedprocess] [info] Downloaded extension: vscode-custom-css /tmp/4aa12040-faf0-42e8-bae9-37bd23a10505
[2018-12-10 13:51:39.153] [sharedprocess] [info] Extracted extension to /home/dominik/.vscode/extensions/.be5invis.vscode-custom-css-3.0.1: be5invis.vscode-custom-css-3.0.1
[2018-12-10 13:51:39.153] [sharedprocess] [info] Renamed to /home/dominik/.vscode/extensions/be5invis.vscode-custom-css-3.0.1
[2018-12-10 13:51:39.153] [sharedprocess] [info] Installation completed. be5invis.vscode-custom-css-3.0.1
[2018-12-10 13:51:39.168] [sharedprocess] [info] Extensions installed successfully: be5invis.vscode-custom-css
[2018-12-10 13:51:39.282] [sharedprocess] [info] Scanned user extensions: 1
[2018-12-10 13:51:39.302] [sharedprocess] [info] Scanned system extensions: 71
[2018-12-10 13:51:43.080] [sharedprocess] [info] Scanned user extensions: 1
[2018-12-10 13:51:43.083] [sharedprocess] [info] Scanned user extensions: 1
[2018-12-10 13:51:43.122] [sharedprocess] [info] Scanned system extensions: 71
[2018-12-10 13:51:43.182] [sharedprocess] [info] Scanned user extensions: 1
[2018-12-10 13:51:43.185] [sharedprocess] [info] Scanned user extensions: 1
[2018-12-10 13:51:43.188] [sharedprocess] [info] Scanned user extensions: 1
[2018-12-10 13:51:43.272] [sharedprocess] [info] Scanned system extensions: 71
[2018-12-10 13:51:43.276] [sharedprocess] [info] Scanned system extensions: 71
[2018-12-10 13:51:43.279] [sharedprocess] [info] Scanned system extensions: 71
[2018-12-10 13:51:44.038] [sharedprocess] [info] Scanned user extensions: 1
[2018-12-10 13:54:41.425] [sharedprocess] [info] Scanned user extensions: 1
[2018-12-10 13:56:44.049] [sharedprocess] [info] Scanned user extensions: 1
[2018-12-10 14:00:06.327] [sharedprocess] [info] Scanned user extensions: 1
[2018-12-10 14:00:06.359] [sharedprocess] [info] Scanned system extensions: 71
[2018-12-10 14:00:09.631] [sharedprocess] [info] Scanned user extensions: 1
[2018-12-10 14:00:09.657] [sharedprocess] [info] Scanned system extensions: 71
[2018-12-10 14:00:10.543] [sharedprocess] [info] Scanned user extensions: 1
[2018-12-10 14:00:10.562] [sharedprocess] [info] Scanned system extensions: 71
[2018-12-10 14:00:11.699] [sharedprocess] [info] Scanned user extensions: 1
[2018-12-10 14:00:11.700] [sharedprocess] [info] Scanned user extensions: 1
[2018-12-10 14:00:11.749] [sharedprocess] [info] Scanned system extensions: 71
[2018-12-10 14:00:11.770] [sharedprocess] [info] Scanned user extensions: 1
[2018-12-10 14:00:11.772] [sharedprocess] [info] Scanned user extensions: 1
[2018-12-10 14:00:11.775] [sharedprocess] [info] Scanned user extensions: 1
[2018-12-10 14:00:11.865] [sharedprocess] [info] Scanned system extensions: 71
[2018-12-10 14:00:11.868] [sharedprocess] [info] Scanned system extensions: 71
[2018-12-10 14:00:11.872] [sharedprocess] [info] Scanned system extensions: 71
[2018-12-10 14:00:12.741] [sharedprocess] [info] Scanned user extensions: 1
